
{
  name: 'SequelizeConnectionRefusedError',
  parent: Error: connect ECONNREFUSED 127.0.0.1:3306
      at TCPConnectWrap.afterConnect [as oncomplete] (net.js:1144:16) {
    errno: 'ECONNREFUSED',
    code: 'ECONNREFUSED',
    syscall: 'connect',
    address: '127.0.0.1',
    port: 3306,
    fatal: true
  },
  original: Error: connect ECONNREFUSED 127.0.0.1:3306
      at TCPConnectWrap.afterConnect [as oncomplete] (net.js:1144:16) {
    errno: 'ECONNREFUSED',
    code: 'ECONNREFUSED',
    syscall: 'connect',
    address: '127.0.0.1',
    port: 3306,
    fatal: true
  },
  level: 'error',
  service: 'user-service',
  label: 'right now!',
  timestamp: '2021-07-28T04:13:08.770Z'
}
{
  message: 'i am lisening at Port 3000',
  level: 'info',
  service: 'user-service',
  label: 'right now!',
  timestamp: '2021-07-28T04:13:39.950Z'
}
{
  message: 'i am lisening at Port 3000',
  level: 'info',
  service: 'user-service',
  label: 'right now!',
  timestamp: '2021-07-28T04:28:23.390Z'
}
{
  message: 'i am lisening at Port 3000',
  level: 'info',
  service: 'user-service',
  label: 'right now!',
  timestamp: '2021-07-28T04:35:37.623Z'
}
{
  message: 'i am lisening at Port 3000',
  level: 'info',
  service: 'user-service',
  label: 'right now!',
  timestamp: '2021-07-28T04:37:47.000Z'
}
{
  message: 'i am lisening at Port 3000',
  level: 'info',
  service: 'user-service',
  label: 'right now!',
  timestamp: '2021-07-28T04:38:31.104Z'
}
{
  service: 'user-service',
  code: 'ERR_INVALID_ARG_TYPE',
  level: 'error',
  message: 'The "path" argument must be of type string. Received an instance of Object The "path" argument must be of type string. Received an instance of Object',
  stack: 'TypeError [ERR_INVALID_ARG_TYPE]: The "path" argument must be of type string. Received an instance of Object\n' +
    '    at validateString (internal/validators.js:120:11)\n' +
    '    at extname (path.js:1229:5)\n' +
    '    at new View (/media/sumit_vishvas/New Volume/Node Projects/real_state_project/node_modules/express/lib/view.js:56:14)\n' +
    '    at Function.render (/media/sumit_vishvas/New Volume/Node Projects/real_state_project/node_modules/express/lib/application.js:570:12)\n' +
    '    at ServerResponse.render (/media/sumit_vishvas/New Volume/Node Projects/real_state_project/node_modules/express/lib/response.js:1012:7)\n' +
    '    at /media/sumit_vishvas/New Volume/Node Projects/real_state_project/routes/menu.js:12:7\n' +
    '    at newFn (/media/sumit_vishvas/New Volume/Node Projects/real_state_project/node_modules/express-async-errors/index.js:16:20)\n' +
    '    at Layer.handle [as handle_request] (/media/sumit_vishvas/New Volume/Node Projects/real_state_project/node_modules/express/lib/router/layer.js:95:5)\n' +
    '    at next (/media/sumit_vishvas/New Volume/Node Projects/real_state_project/node_modules/express/lib/router/route.js:137:13)\n' +
    '    at Route.dispatch (/media/sumit_vishvas/New Volume/Node Projects/real_state_project/node_modules/express/lib/router/route.js:112:3)',
  label: 'right now!',
  timestamp: '2021-07-28T04:38:35.401Z'
}
{
  message: 'i am lisening at Port 3000',
  level: 'info',
  service: 'user-service',
  label: 'right now!',
  timestamp: '2021-07-28T04:39:19.191Z'
}
{
  message: 'i am lisening at Port 3000',
  level: 'info',
  service: 'user-service',
  label: 'right now!',
  timestamp: '2021-07-28T04:43:57.297Z'
}
{
  message: 'i am lisening at Port 3000',
  level: 'info',
  service: 'user-service',
  label: 'right now!',
  timestamp: '2021-07-28T04:45:48.743Z'
}
{
  message: 'i am lisening at Port 3000',
  level: 'info',
  service: 'user-service',
  label: 'right now!',
  timestamp: '2021-07-28T04:49:14.068Z'
}
{
  message: 'i am lisening at Port 3000',
  level: 'info',
  service: 'user-service',
  label: 'right now!',
  timestamp: '2021-07-28T04:50:03.085Z'
}
{
  message: 'i am lisening at Port 3000',
  level: 'info',
  service: 'user-service',
  label: 'right now!',
  timestamp: '2021-07-28T04:51:16.404Z'
}
{
  message: 'i am lisening at Port 3000',
  level: 'info',
  service: 'user-service',
  label: 'right now!',
  timestamp: '2021-07-28T04:54:07.519Z'
}
{
  message: 'i am lisening at Port 3000',
  level: 'info',
  service: 'user-service',
  label: 'right now!',
  timestamp: '2021-07-28T04:54:38.000Z'
}
{
  message: 'i am lisening at Port 3000',
  level: 'info',
  service: 'user-service',
  label: 'right now!',
  timestamp: '2021-07-28T04:55:59.307Z'
}
{
  message: 'i am lisening at Port 3000',
  level: 'info',
  service: 'user-service',
  label: 'right now!',
  timestamp: '2021-07-28T04:56:39.281Z'
}
{
  message: 'i am lisening at Port 3000',
  level: 'info',
  service: 'user-service',
  label: 'right now!',
  timestamp: '2021-07-28T04:59:00.908Z'
}
{
  message: 'i am lisening at Port 3000',
  level: 'info',
  service: 'user-service',
  label: 'right now!',
  timestamp: '2021-07-28T05:01:18.745Z'
}
{
  message: 'i am lisening at Port 3000',
  level: 'info',
  service: 'user-service',
  label: 'right now!',
  timestamp: '2021-07-28T05:05:08.446Z'
}
{
  message: 'i am lisening at Port 3000',
  level: 'info',
  service: 'user-service',
  label: 'right now!',
  timestamp: '2021-07-28T05:06:41.986Z'
}
{
  message: 'i am lisening at Port 3000',
  level: 'info',
  service: 'user-service',
  label: 'right now!',
  timestamp: '2021-07-28T05:14:55.367Z'
}
{
  message: 'i am lisening at Port 3000',
  level: 'info',
  service: 'user-service',
  label: 'right now!',
  timestamp: '2021-07-28T05:16:16.257Z'
}
{
  message: 'i am lisening at Port 3000',
  level: 'info',
  service: 'user-service',
  label: 'right now!',
  timestamp: '2021-07-28T05:17:00.013Z'
}
{
  message: 'i am lisening at Port 3000',
  level: 'info',
  service: 'user-service',
  label: 'right now!',
  timestamp: '2021-07-28T05:45:54.756Z'
}
{
  message: 'i am lisening at Port 3000',
  level: 'info',
  service: 'user-service',
  label: 'right now!',
  timestamp: '2021-07-28T05:51:48.120Z'
}
{
  message: 'i am lisening at Port 3000',
  level: 'info',
  service: 'user-service',
  label: 'right now!',
  timestamp: '2021-07-28T05:51:53.577Z'
}
{
  message: 'i am lisening at Port 3000',
  level: 'info',
  service: 'user-service',
  label: 'right now!',
  timestamp: '2021-07-28T05:53:40.241Z'
}
{
  message: 'i am lisening at Port 3000',
  level: 'info',
  service: 'user-service',
  label: 'right now!',
  timestamp: '2021-07-28T05:54:34.410Z'
}
{
  message: 'i am lisening at Port 3000',
  level: 'info',
  service: 'user-service',
  label: 'right now!',
  timestamp: '2021-07-28T05:56:19.625Z'
}
{
  message: 'i am lisening at Port 3000',
  level: 'info',
  service: 'user-service',
  label: 'right now!',
  timestamp: '2021-07-28T06:04:23.533Z'
}
{
  message: 'i am lisening at Port 3000',
  level: 'info',
  service: 'user-service',
  label: 'right now!',
  timestamp: '2021-07-28T06:05:33.818Z'
}
{
  message: 'i am lisening at Port 3000',
  level: 'info',
  service: 'user-service',
  label: 'right now!',
  timestamp: '2021-07-28T06:06:00.655Z'
}
{
  message: 'i am lisening at Port 3000',
  level: 'info',
  service: 'user-service',
  label: 'right now!',
  timestamp: '2021-07-28T06:06:38.541Z'
}
{
  message: 'i am lisening at Port 3000',
  level: 'info',
  service: 'user-service',
  label: 'right now!',
  timestamp: '2021-07-28T06:10:15.446Z'
}
{
  message: 'i am lisening at Port 3000',
  level: 'info',
  service: 'user-service',
  label: 'right now!',
  timestamp: '2021-07-28T06:12:28.786Z'
}
{
  message: 'i am lisening at Port 3000',
  level: 'info',
  service: 'user-service',
  label: 'right now!',
  timestamp: '2021-07-28T06:19:46.663Z'
}
{
  message: 'i am lisening at Port 3000',
  level: 'info',
  service: 'user-service',
  label: 'right now!',
  timestamp: '2021-07-28T06:20:44.643Z'
}
{
  message: 'i am lisening at Port 3000',
  level: 'info',
  service: 'user-service',
  label: 'right now!',
  timestamp: '2021-07-28T06:21:15.929Z'
}
{
  message: 'i am lisening at Port 3000',
  level: 'info',
  service: 'user-service',
  label: 'right now!',
  timestamp: '2021-07-28T06:22:32.139Z'
}
{
  message: 'i am lisening at Port 3000',
  level: 'info',
  service: 'user-service',
  label: 'right now!',
  timestamp: '2021-07-28T06:23:47.001Z'
}
{
  message: 'i am lisening at Port 3000',
  level: 'info',
  service: 'user-service',
  label: 'right now!',
  timestamp: '2021-07-28T06:26:42.716Z'
}
{
  message: 'i am lisening at Port 3000',
  level: 'info',
  service: 'user-service',
  label: 'right now!',
  timestamp: '2021-07-28T06:31:30.258Z'
}
{
  message: 'i am lisening at Port 3000',
  level: 'info',
  service: 'user-service',
  label: 'right now!',
  timestamp: '2021-07-28T06:36:13.789Z'
}
{
  message: 'i am lisening at Port 3000',
  level: 'info',
  service: 'user-service',
  label: 'right now!',
  timestamp: '2021-07-28T06:46:24.911Z'
}
